<?xml version="1.0" encoding="UTF-8"?>
<testsuite xmlns:xsi="http://www.w3.org/2001/XMLSchema-instance" xsi:schemaLocation="https://maven.apache.org/surefire/maven-surefire-plugin/xsd/surefire-test-report.xsd" name="com.mulesoft.training.HelloMavenTest" time="13.432" tests="2" errors="0" skipped="0" failures="1">
  <properties>
[...]
</properties>
  <testcase name="mavenFlowReturnsHelloMaven" classname="com.mulesoft.training.HelloMavenTest" time="9.994"/>
  <testcase name="retrieveFlightsAddsAppropriateHeader" classname="com.mulesoft.training.HelloMavenTest" time="2.09">
    <failure message="expected:&lt;application/json&gt; but was:&lt;null&gt;" type="java.lang.AssertionError"><![CDATA[java.lang.AssertionError: expected:<application/json> but was:<null>
	at com.mulesoft.training.HelloMavenTest.retrieveFlightsAddsAppropriateHeader(HelloMavenTest.java:25)
]]></failure>
    <system-out><![CDATA[
================================================================================
= Testing: retrieveFlightsAddsAppropriateHeader                                =
================================================================================
INFO  2017-01-30 19:43:54,500 [Thread-15] com.mulesoft.training.HelloMavenTest: Using working directory for test: C:\Users\NARASI~1.EAR\AppData\Local\Temp\junit8675777181533506641
INFO  2017-01-30 19:43:54,510 [Thread-15] org.mule.lifecycle.AbstractLifecycleManager: Initialising RegistryBroker
INFO  2017-01-30 19:43:54,517 [Thread-15] org.mule.config.spring.MuleArtifactContext: Refreshing org.mule.config.spring.MuleArtifactContext@38d08a7e: startup date [Mon Jan 30 19:43:54 EST 2017]; root of context hierarchy
INFO  2017-01-30 19:43:54,986 [Thread-15] org.mule.config.spring.processors.NoDevkitInjectorProcessor: JSR-330 'javax.inject.Inject' annotation found and supported for autowiring
WARN  2017-01-30 19:43:55,020 [Thread-15] org.mule.expression.DefaultExpressionManager: Expression string is not an expression.  Use isExpression(String) to validate first
WARN  2017-01-30 19:43:55,020 [Thread-15] org.mule.expression.DefaultExpressionManager: Expression string is not an expression.  Use isExpression(String) to validate first
INFO  2017-01-30 19:43:55,165 [Thread-15] org.mule.util.journal.TransactionJournal: Using files for tx logs C:\Users\narasimharao.earla\AppData\Local\Temp\junit8675777181533506641\queue-tx-log\tx1.log and C:\Users\narasimharao.earla\AppData\Local\Temp\junit8675777181533506641\queue-tx-log\tx2.log
INFO  2017-01-30 19:43:55,168 [Thread-15] org.mule.util.journal.TransactionJournal: Using files for tx logs C:\Users\narasimharao.earla\AppData\Local\Temp\junit8675777181533506641\queue-xa-tx-log\tx1.log and C:\Users\narasimharao.earla\AppData\Local\Temp\junit8675777181533506641\queue-xa-tx-log\tx2.log
INFO  2017-01-30 19:43:55,172 [Thread-15] org.mule.lifecycle.AbstractLifecycleManager: Initialising connector: Active_MQ
INFO  2017-01-30 19:43:55,189 [Thread-15] org.mule.lifecycle.AbstractLifecycleManager: Initialising model: _muleSystemModel
INFO  2017-01-30 19:43:55,193 [Thread-15] org.mule.construct.FlowConstructLifecycleManager: Initialising flow: mavenFlow
INFO  2017-01-30 19:43:55,193 [Thread-15] org.mule.exception.DefaultMessagingExceptionStrategy: Initialising exception listener: org.mule.exception.DefaultMessagingExceptionStrategy@22c7645a
INFO  2017-01-30 19:43:55,197 [Thread-15] org.mule.processor.SedaStageLifecycleManager: Initialising service: mavenFlow.stage1
INFO  2017-01-30 19:43:55,198 [Thread-15] org.mule.construct.FlowConstructLifecycleManager: Initialising flow: retrieveFlights
INFO  2017-01-30 19:43:55,198 [Thread-15] org.mule.exception.DefaultMessagingExceptionStrategy: Initialising exception listener: org.mule.exception.DefaultMessagingExceptionStrategy@23a09fff
INFO  2017-01-30 19:43:55,203 [Thread-15] org.mule.processor.SedaStageLifecycleManager: Initialising service: retrieveFlights.stage1
INFO  2017-01-30 19:43:55,205 [Thread-15] org.mule.construct.FlowConstructLifecycleManager: Initialising flow: logFlights
INFO  2017-01-30 19:43:55,205 [Thread-15] org.mule.exception.DefaultMessagingExceptionStrategy: Initialising exception listener: org.mule.exception.DefaultMessagingExceptionStrategy@125c626
INFO  2017-01-30 19:43:55,212 [Thread-15] org.mule.processor.SedaStageLifecycleManager: Initialising service: logFlights.stage1
INFO  2017-01-30 19:43:55,236 [Thread-15] org.mule.config.spring.SpringXmlConfigurationBuilder: Configured Mule using "org.mule.config.spring.SpringXmlConfigurationBuilder" with configuration resource(s): "[ConfigResource{resourceName='maven-project-nar.xml'}]"
INFO  2017-01-30 19:43:55,237 [Thread-15] org.mule.util.queue.QueueXaResourceManager: Starting ResourceManager
INFO  2017-01-30 19:43:55,237 [Thread-15] org.mule.util.queue.QueueXaResourceManager: Started ResourceManager
INFO  2017-01-30 19:43:55,255 [Thread-15] org.mule.module.http.internal.listener.DefaultHttpListenerConfig: Listening for requests on http://0.0.0.0:8082
WARN  2017-01-30 19:43:55,317 [Thread-15] org.apache.activemq.broker.BrokerService: Store limit is 102400 mb (current store usage is 0 mb). The data directory: D:\Mule-Soft\MuleSoft-Day1-WS\maven-project-nar\activemq-data\localhost\KahaDB only has 79775 mb of usable space. - resetting to maximum available disk space: 79775 mb
INFO  2017-01-30 19:43:55,332 [Thread-15] org.mule.transport.jms.activemq.ActiveMQJmsConnector: Connected: ActiveMQJmsConnector
{
  name=Active_MQ
  lifecycle=initialise
  this=a16ed18
  numberOfConcurrentTransactedReceivers=4
  createMultipleTransactedReceivers=true
  connected=true
  supportedProtocols=[jms]
  serviceOverrides=<none>
}

INFO  2017-01-30 19:43:55,332 [Thread-15] org.mule.transport.jms.activemq.ActiveMQJmsConnector: Starting: ActiveMQJmsConnector
{
  name=Active_MQ
  lifecycle=initialise
  this=a16ed18
  numberOfConcurrentTransactedReceivers=4
  createMultipleTransactedReceivers=true
  connected=true
  supportedProtocols=[jms]
  serviceOverrides=<none>
}

INFO  2017-01-30 19:43:55,332 [Thread-15] org.mule.lifecycle.AbstractLifecycleManager: Starting connector: Active_MQ
INFO  2017-01-30 19:43:55,334 [Thread-15] org.mule.lifecycle.AbstractLifecycleManager: Starting model: _muleSystemModel
INFO  2017-01-30 19:43:55,335 [Thread-15] org.mule.construct.FlowConstructLifecycleManager: Starting flow: mavenFlow
INFO  2017-01-30 19:43:55,335 [Thread-15] org.mule.processor.SedaStageLifecycleManager: Starting service: mavenFlow.stage1
INFO  2017-01-30 19:43:55,339 [Thread-15] org.mule.construct.FlowConstructLifecycleManager: Starting flow: retrieveFlights
INFO  2017-01-30 19:43:55,339 [Thread-15] org.mule.processor.SedaStageLifecycleManager: Starting service: retrieveFlights.stage1
INFO  2017-01-30 19:43:55,347 [Thread-15] org.mule.construct.FlowConstructLifecycleManager: Starting flow: logFlights
INFO  2017-01-30 19:43:55,349 [Thread-15] org.mule.processor.SedaStageLifecycleManager: Starting service: logFlights.stage1
INFO  2017-01-30 19:43:55,366 [Thread-15] org.mule.transport.jms.activemq.ActiveMQJmsConnector: Registering listener: logFlights on endpointUri: jms://flights
INFO  2017-01-30 19:43:55,366 [Thread-15] org.mule.transport.service.DefaultTransportServiceDescriptor: Loading default inbound transformer: org.mule.transport.jms.transformers.JMSMessageToObject
INFO  2017-01-30 19:43:55,366 [Thread-15] org.mule.transport.service.DefaultTransportServiceDescriptor: Loading default response transformer: org.mule.transport.jms.transformers.ObjectToJMSMessage
INFO  2017-01-30 19:43:55,369 [Thread-15] org.mule.lifecycle.AbstractLifecycleManager: Initialising: 'null'. Object is: MultiConsumerJmsMessageReceiver
INFO  2017-01-30 19:43:55,370 [Thread-15] org.mule.transport.jms.MultiConsumerJmsMessageReceiver: Connecting clusterizable message receiver
INFO  2017-01-30 19:43:55,384 [Thread-15] org.mule.transport.jms.MultiConsumerJmsMessageReceiver: Endpoint jms://flights has been successfully reconnected.
INFO  2017-01-30 19:43:55,385 [Thread-15] org.mule.lifecycle.AbstractLifecycleManager: Starting: 'null'. Object is: MultiConsumerJmsMessageReceiver
INFO  2017-01-30 19:43:55,385 [Thread-15] org.mule.transport.jms.MultiConsumerJmsMessageReceiver: Starting clusterizable message receiver
INFO  2017-01-30 19:43:55,388 [Thread-15] org.mule.DefaultMuleContext: 
**********************************************************************
* Mule Runtime and Integration Platform                              *
* Version: 3.8.3 Build: 9246de8f                                     *
* MuleSoft, Inc.                                                     *
* For more information go to http://www.mulesoft.org                 *
*                                                                    *
* Server started: 1/30/17 7:43 PM                                    *
* Server ID: 57a0cc40-e74e-11e6-b9a4-f8cab831b3e7                    *
* JDK: 1.8.0_74 (mixed mode)                                         *
* OS encoding: Cp1252, Mule encoding: UTF-8                          *
* OS: Windows 7 - Service Pack 1 (6.1, amd64)                        *
* Host: B70WH72 (192.168.0.18)                                       *
*                                                                    *
* Agents Running: None                                               *
**********************************************************************
WARN  2017-01-30 19:43:55,388 [Thread-15] org.mule.model.seda.SedaModel: The <model> element is deprecated in Mule 3.4 and will be removed in Mule 4.0.  Flows do not need to be configured inside a <model> element. 
INFO  2017-01-30 19:43:55,388 [Thread-15] org.mule.lifecycle.AbstractLifecycleManager: Initialising model: main
INFO  2017-01-30 19:43:55,389 [Thread-15] org.mule.lifecycle.AbstractLifecycleManager: Starting model: main
WARN  2017-01-30 19:43:55,392 [Thread-15] org.mule.model.seda.SedaService: Services (SedaService or any custom implementation) are deprecated in Mule 3.4 and will be removed in Mule 4.0. 
INFO  2017-01-30 19:43:55,393 [Thread-15] org.mule.service.ServiceLifecycleManager: Initialising service: appleService
INFO  2017-01-30 19:43:55,399 [Thread-15] org.mule.exception.DefaultMessagingExceptionStrategy: Initialising exception listener: org.mule.exception.DefaultMessagingExceptionStrategy@4430c135
INFO  2017-01-30 19:43:55,399 [Thread-15] org.mule.component.ComponentLifecycleManager: Initialising component: component.188119432
INFO  2017-01-30 19:43:55,399 [Thread-15] org.mule.processor.SedaStageLifecycleManager: Initialising service: appleService
INFO  2017-01-30 19:43:55,400 [Thread-15] org.mule.service.ServiceLifecycleManager: Starting service: appleService
INFO  2017-01-30 19:43:55,400 [Thread-15] org.mule.component.ComponentLifecycleManager: Starting component: component.188119432
INFO  2017-01-30 19:43:55,402 [Thread-15] org.mule.processor.SedaStageLifecycleManager: Starting service: appleService
INFO  2017-01-30 19:43:55,408 [Thread-15] org.mule.lifecycle.AbstractLifecycleManager: Initialising connector: testConnector
INFO  2017-01-30 19:43:55,430 [Thread-15] org.mule.tck.testmodels.mule.TestConnector: Connected: TestConnector
{
  name=testConnector
  lifecycle=initialise
  this=49a38ae3
  numberOfConcurrentTransactedReceivers=4
  createMultipleTransactedReceivers=true
  connected=true
  supportedProtocols=[test]
  serviceOverrides=<none>
}

INFO  2017-01-30 19:43:55,430 [Thread-15] org.mule.tck.testmodels.mule.TestConnector: Starting: TestConnector
{
  name=testConnector
  lifecycle=initialise
  this=49a38ae3
  numberOfConcurrentTransactedReceivers=4
  createMultipleTransactedReceivers=true
  connected=true
  supportedProtocols=[test]
  serviceOverrides=<none>
}

INFO  2017-01-30 19:43:55,430 [Thread-15] org.mule.lifecycle.AbstractLifecycleManager: Starting connector: testConnector
INFO  2017-01-30 19:43:55,590 [Thread-15] org.mule.transport.service.DefaultTransportServiceDescriptor: Loading default outbound transformer: org.mule.transport.jms.transformers.ObjectToJMSMessage
INFO  2017-01-30 19:43:55,590 [Thread-15] org.mule.transport.service.DefaultTransportServiceDescriptor: Loading default response transformer: org.mule.transport.jms.transformers.ObjectToJMSMessage
WARN  2017-01-30 19:43:55,591 [Thread-15] com.mulesoft.mule.transport.jms.EeJmsMessageDispatcher: Starting patched JmsMessageReceiver
INFO  2017-01-30 19:43:55,591 [Thread-15] org.mule.lifecycle.AbstractLifecycleManager: Initialising: 'Active_MQ.dispatcher.1397746400'. Object is: EeJmsMessageDispatcher
INFO  2017-01-30 19:43:55,593 [Thread-15] org.mule.lifecycle.AbstractLifecycleManager: Starting: 'Active_MQ.dispatcher.1397746400'. Object is: EeJmsMessageDispatcher
INFO  2017-01-30 19:43:55,616 [Thread-15] org.mule.construct.FlowConstructLifecycleManager: Stopping flow: mavenFlow
INFO  2017-01-30 19:43:55,616 [Thread-15] org.mule.processor.SedaStageLifecycleManager: Stopping service: mavenFlow.stage1
INFO  2017-01-30 19:43:55,674 [logFlights.stage1.02] org.mule.api.processor.LoggerMessageProcessor: [{"DESTINATION":"SFO","PRICE":555,"ORIGIN":"YYZ","ID":0},{"DESTINATION":"LAX","PRICE":450,"ORIGIN":"YYZ","ID":1},{"DESTINATION":"SEA","PRICE":777,"ORIGIN":"SQL","ID":2},{"DESTINATION":"SFO","PRICE":999,"ORIGIN":"SQL","ID":3},{"DESTINATION":"ENR","PRICE":888,"ORIGIN":"SQL","ID":4}]
INFO  2017-01-30 19:43:55,764 [Thread-15] org.mule.construct.FlowConstructLifecycleManager: Stopping flow: retrieveFlights
INFO  2017-01-30 19:43:55,764 [Thread-15] org.mule.processor.SedaStageLifecycleManager: Stopping service: retrieveFlights.stage1
INFO  2017-01-30 19:43:55,965 [Thread-15] org.mule.construct.FlowConstructLifecycleManager: Stopping flow: logFlights
INFO  2017-01-30 19:43:55,965 [Thread-15] org.mule.transport.jms.activemq.ActiveMQJmsConnector: Removing listener on endpointUri: jms://flights
INFO  2017-01-30 19:43:55,965 [Thread-15] org.mule.lifecycle.AbstractLifecycleManager: Stopping: 'null'. Object is: MultiConsumerJmsMessageReceiver
INFO  2017-01-30 19:43:55,967 [Thread-15] org.mule.lifecycle.AbstractLifecycleManager: Disposing: 'null'. Object is: MultiConsumerJmsMessageReceiver
INFO  2017-01-30 19:43:55,967 [Thread-15] org.mule.processor.SedaStageLifecycleManager: Stopping service: logFlights.stage1
INFO  2017-01-30 19:43:56,052 [Thread-15] org.mule.service.ServiceLifecycleManager: Stopping service: appleService
INFO  2017-01-30 19:43:56,052 [Thread-15] org.mule.processor.SedaStageLifecycleManager: Stopping service: appleService
INFO  2017-01-30 19:43:56,219 [Thread-15] org.mule.component.ComponentLifecycleManager: Stopping component: component.188119432
INFO  2017-01-30 19:43:56,223 [Thread-15] org.mule.lifecycle.AbstractLifecycleManager: Stopping model: _muleSystemModel
INFO  2017-01-30 19:43:56,229 [Thread-15] org.mule.lifecycle.AbstractLifecycleManager: Stopping connector: Active_MQ
INFO  2017-01-30 19:43:56,231 [Thread-15] org.mule.lifecycle.AbstractLifecycleManager: Stopping: 'Active_MQ.dispatcher.1397746400'. Object is: EeJmsMessageDispatcher
INFO  2017-01-30 19:43:56,231 [Thread-15] org.mule.lifecycle.AbstractLifecycleManager: Disposing: 'Active_MQ.dispatcher.1397746400'. Object is: EeJmsMessageDispatcher
INFO  2017-01-30 19:43:56,236 [Thread-15] org.mule.module.http.internal.listener.DefaultHttpListenerConfig: Stopped listener on http://0.0.0.0:8082
INFO  2017-01-30 19:43:56,241 [Thread-15] org.mule.util.queue.QueueXaResourceManager: Stopping ResourceManager
INFO  2017-01-30 19:43:56,242 [Thread-15] org.mule.util.queue.QueueXaResourceManager: Stopped ResourceManager
INFO  2017-01-30 19:43:56,245 [Thread-15] org.mule.lifecycle.AbstractLifecycleManager: Disposing RegistryBroker
INFO  2017-01-30 19:43:56,245 [Thread-15] org.mule.construct.FlowConstructLifecycleManager: Disposing flow: mavenFlow
INFO  2017-01-30 19:43:56,245 [Thread-15] org.mule.processor.SedaStageLifecycleManager: Disposing service: mavenFlow.stage1
INFO  2017-01-30 19:43:56,246 [Thread-15] org.mule.construct.FlowConstructLifecycleManager: Disposing flow: retrieveFlights
INFO  2017-01-30 19:43:56,246 [Thread-15] org.mule.processor.SedaStageLifecycleManager: Disposing service: retrieveFlights.stage1
INFO  2017-01-30 19:43:56,248 [Thread-15] org.mule.construct.FlowConstructLifecycleManager: Disposing flow: logFlights
INFO  2017-01-30 19:43:56,248 [Thread-15] org.mule.processor.SedaStageLifecycleManager: Disposing service: logFlights.stage1
INFO  2017-01-30 19:43:56,248 [Thread-15] org.mule.service.ServiceLifecycleManager: Disposing service: appleService
INFO  2017-01-30 19:43:56,248 [Thread-15] org.mule.component.ComponentLifecycleManager: Disposing component: component.188119432
INFO  2017-01-30 19:43:56,248 [Thread-15] org.mule.processor.SedaStageLifecycleManager: Disposing service: appleService
INFO  2017-01-30 19:43:56,249 [Thread-15] org.mule.lifecycle.AbstractLifecycleManager: Disposing model: _muleSystemModel
INFO  2017-01-30 19:43:56,296 [Thread-15] org.mule.transport.jms.activemq.ActiveMQJmsConnector: Disconnected: ActiveMQJmsConnector
{
  name=Active_MQ
  lifecycle=stop
  this=a16ed18
  numberOfConcurrentTransactedReceivers=4
  createMultipleTransactedReceivers=true
  connected=true
  supportedProtocols=[jms]
  serviceOverrides=<none>
}

INFO  2017-01-30 19:43:56,296 [Thread-15] org.mule.lifecycle.AbstractLifecycleManager: Disposing connector: Active_MQ
INFO  2017-01-30 19:43:56,333 [Thread-15] org.mule.config.spring.MuleArtifactContext: Closing org.mule.config.spring.MuleArtifactContext@38d08a7e: startup date [Mon Jan 30 19:43:54 EST 2017]; root of context hierarchy
INFO  2017-01-30 19:43:56,499 [Thread-15] org.mule.DefaultMuleContext: 
**********************************************************************
* Mule Context shut down normally on: 1/30/17 7:43 PM                *
* Server was up for: 0 days, 0 hours, 0 mins, 1.262 sec              *
**********************************************************************
]]></system-out>
  </testcase>
</testsuite>